<?xml version="1.0" encoding="UTF-8"?>
<!-- Generated by org.testng.reporters.JUnitReportReporter -->
<testsuite skipped="0" hostname="DESKTOP-NJ8NSMR" name="org.testNG.Invocation_Count" tests="5" failures="0" timestamp="2022-03-31T11:19:11 IST" time="0.030" errors="0">
  <testcase name="setProperty" time="0.021" classname="org.testNG.Invocation_Count"/>
  <system-out/>
  <testcase name="browserLaunch" time="0.004" classname="org.testNG.Invocation_Count"/>
  <system-out/>
  <testcase name="refresh" time="0.002" classname="org.testNG.Invocation_Count"/>
  <system-out/>
  <testcase name="refresh" time="0.002" classname="org.testNG.Invocation_Count"/>
  <system-out/>
  <testcase name="refresh" time="0.001" classname="org.testNG.Invocation_Count"/>
  <system-out/>
</testsuite> <!-- org.testNG.Invocation_Count -->
