<?xml version="1.0" encoding="UTF-8"?>
<!-- Generated by org.testng.reporters.JUnitReportReporter -->
<testsuite skipped="1" hostname="DESKTOP-NJ8NSMR" name="org.testNG.Ignore_Test" tests="3" failures="0" timestamp="2022-02-17T11:23:47 IST" time="0.013" errors="0">
  <testcase name="tshirt" time="0.002" classname="org.testNG.Ignore_Test"/>
  <system-out/>
  <testcase name="dresses" time="0.011" classname="org.testNG.Ignore_Test"/>
  <system-out/>
  <testcase name="men" classname="org.testNG.Ignore_Test">
    <skipped/>
  </testcase> <!-- men -->
  <system-out/>
</testsuite> <!-- org.testNG.Ignore_Test -->
