<?xml version="1.0" encoding="UTF-8"?>
<!-- Generated by org.testng.reporters.JUnitReportReporter -->
<testsuite skipped="0" hostname="DESKTOP-NJ8NSMR" name="org.testNG.Grouping_Concept" tests="4" failures="0" timestamp="2022-03-25T19:11:58 IST" time="0.018" errors="0">
  <testcase name="tshirt" time="0.002" classname="org.testNG.Grouping_Concept"/>
  <system-out/>
  <testcase name="spotify" time="0.002" classname="org.testNG.Grouping_Concept"/>
  <system-out/>
  <testcase name="Dressing" time="0.012" classname="org.testNG.Grouping_Concept"/>
  <system-out/>
  <testcase name="wynk" time="0.002" classname="org.testNG.Grouping_Concept"/>
  <system-out/>
</testsuite> <!-- org.testNG.Grouping_Concept -->
