<?xml version="1.0" encoding="UTF-8"?>
<!-- Generated by org.testng.reporters.JUnitReportReporter -->
<testsuite name="org.testNG.Simple_Annotations" tests="3" time="0.015" ignored="0" failures="0" timestamp="15 Feb 2022 13:27:38 GMT" skipped="0" hostname="DESKTOP-NJ8NSMR" errors="0">
  <testcase name="dresses" time="0.007" classname="org.testNG.Simple_Annotations"/>
  <testcase name="women" time="0.002" classname="org.testNG.Simple_Annotations"/>
  <testcase name="tshirt" time="0.006" classname="org.testNG.Simple_Annotations"/>
</testsuite> <!-- org.testNG.Simple_Annotations -->
